<?xml version="1.0" encoding="UTF-8"?>
<!-- Generated by org.testng.reporters.JUnitReportReporter -->
<testsuite hostname="CBT-020" name="com.qspiders.jenkins.DemoC" tests="1" failures="0" timestamp="13 Aug 2016 12:48:12 GMT" time="0.024" errors="0">
  <testcase name="extnreports" time="0.024" classname="com.qspiders.jenkins.DemoC"/>
</testsuite> <!-- com.qspiders.jenkins.DemoC -->
