<?xml version="1.0" encoding="UTF-8"?>
<!-- Generated by org.testng.reporters.JUnitReportReporter -->
<testsuite hostname="CBT-020" name="com.qspiders.jenkins.DemoC" tests="1" failures="0" timestamp="6 Aug 2016 12:52:50 GMT" time="16.249" errors="0">
  <testcase name="test" time="16.249" classname="com.qspiders.jenkins.DemoC"/>
</testsuite> <!-- com.qspiders.jenkins.DemoC -->
