<?xml version="1.0" encoding="UTF-8"?>
<!-- Generated by org.testng.reporters.JUnitReportReporter -->
<testsuite hostname="CBT-020" name="com.qspiders.jenkins.DemoC" tests="2" failures="0" timestamp="13 Aug 2016 13:30:33 GMT" time="0.409" errors="0">
  <testcase name="extnreports" time="0.014" classname="com.qspiders.jenkins.DemoC"/>
  <testcase name="test1" time="0.395" classname="com.qspiders.jenkins.DemoC"/>
</testsuite> <!-- com.qspiders.jenkins.DemoC -->
