<?xml version="1.0" encoding="UTF-8"?>
<!-- Generated by org.testng.reporters.JUnitReportReporter -->
<testsuite hostname="CBT-020" name="com.qspiders.jenkins.DemoC" tests="1" failures="0" timestamp="7 Aug 2016 09:43:38 GMT" time="54.566" errors="0">
  <testcase name="test" time="54.566" classname="com.qspiders.jenkins.DemoC"/>
</testsuite> <!-- com.qspiders.jenkins.DemoC -->
