<?xml version="1.0" encoding="UTF-8"?>
<!-- Generated by org.testng.reporters.JUnitReportReporter -->
<testsuite hostname="CBT-020" name="com.qspiders.jenkins.DemoA" tests="1" failures="0" timestamp="6 Aug 2016 10:31:56 GMT" time="15.666" errors="0">
  <testcase name="test" time="15.666" classname="com.qspiders.jenkins.DemoA"/>
</testsuite> <!-- com.qspiders.jenkins.DemoA -->
