<?xml version="1.0" encoding="UTF-8"?>
<!-- Generated by org.testng.reporters.JUnitReportReporter -->
<testsuite hostname="CBT-020" name="com.qspiders.jenkins.DemoC" tests="2" failures="0" timestamp="13 Aug 2016 12:55:25 GMT" time="0.382" errors="0">
  <testcase name="extnreports" time="0.008" classname="com.qspiders.jenkins.DemoC"/>
  <testcase name="test1" time="0.374" classname="com.qspiders.jenkins.DemoC"/>
</testsuite> <!-- com.qspiders.jenkins.DemoC -->
